#
# There is insufficient memory for the Java Runtime Environment to continue.
# Native memory allocation (mmap) failed to map 132120576 bytes for G1 virtual space
# Possible reasons:
#   The system is out of physical RAM or swap space
#   The process is running with CompressedOops enabled, and the Java Heap may be blocking the growth of the native heap
# Possible solutions:
#   Reduce memory load on the system
#   Increase physical memory or swap space
#   Check if swap backing store is full
#   Decrease Java heap size (-Xmx/-Xms)
#   Decrease number of Java threads
#   Decrease Java thread stack sizes (-Xss)
#   Set larger code cache with -XX:ReservedCodeCacheSize=
#   JVM is running with Unscaled Compressed Oops mode in which the Java heap is
#     placed in the first 4GB address space. The Java Heap base address is the
#     maximum limit for the native heap growth. Please use -XX:HeapBaseMinAddress
#     to set the Java Heap base and to place the Java Heap above 4GB virtual address.
# This output file may be truncated or incomplete.
#
#  Out of Memory Error (os_windows.cpp:3532), pid=47528, tid=26636
#
# JRE version:  (17.0.2+8) (build )
# Java VM: OpenJDK 64-Bit Server VM (17.0.2+8-LTS, mixed mode, sharing, tiered, compressed oops, compressed class ptrs, g1 gc, windows-amd64)
# No core dump will be written. Minidumps are not enabled by default on client versions of Windows
#

---------------  S U M M A R Y ------------

Command Line: -ea -Dfile.encoding=UTF-8 -XX:+ShowCodeDetailsInExceptionMessages org.testng.remote.RemoteTestNG -serport 64018 -protocol json -d C:\Users\2317431\eclipse-workspace\casproject\test-output C:\Users\2317431\eclipse-workspace\casproject\src\test\java\casproject\testng.xml

Host: Intel(R) Core(TM) i5-8265U CPU @ 1.60GHz, 8 cores, 7G,  Windows 11 , 64 bit Build 22621 (10.0.22621.3374)
Time: Tue Apr 30 14:53:15 2024 India Standard Time elapsed time: 0.075920 seconds (0d 0h 0m 0s)

---------------  T H R E A D  ---------------

Current thread (0x0000014e89b2bfa0):  JavaThread "Unknown thread" [_thread_in_vm, id=26636, stack(0x0000002754d00000,0x0000002754e00000)]

Stack: [0x0000002754d00000,0x0000002754e00000]
Native frames: (J=compiled Java code, j=interpreted, Vv=VM code, C=native code)
V  [jvm.dll+0x6769fa]
V  [jvm.dll+0x831784]
V  [jvm.dll+0x832f2e]
V  [jvm.dll+0x833593]
V  [jvm.dll+0x2455e5]
V  [jvm.dll+0x673919]
V  [jvm.dll+0x668252]
V  [jvm.dll+0x30432b]
V  [jvm.dll+0x30b836]
V  [jvm.dll+0x35b5fe]
V  [jvm.dll+0x35b82f]
V  [jvm.dll+0x2db2d8]
V  [jvm.dll+0x2dc244]
V  [jvm.dll+0x803011]
V  [jvm.dll+0x369381]
V  [jvm.dll+0x7e238c]
V  [jvm.dll+0x3ec14f]
V  [jvm.dll+0x3edcd1]
C  [jli.dll+0x527b]
C  [ucrtbase.dll+0x29333]
C  [KERNEL32.DLL+0x1257d]
C  [ntdll.dll+0x5aa48]


---------------  P R O C E S S  ---------------

Threads class SMR info:
_java_thread_list=0x00007ffbeb80eed8, length=0, elements={
}

Java Threads: ( => current thread )

Other Threads:
  0x0000014e8bb58f30 GCTaskThread "GC Thread#0" [stack: 0x0000002754e00000,0x0000002754f00000] [id=48700]
  0x0000014e8bb69870 ConcurrentGCThread "G1 Main Marker" [stack: 0x0000002754f00000,0x0000002755000000] [id=35048]
  0x0000014e8bb6a280 ConcurrentGCThread "G1 Conc#0" [stack: 0x0000002755000000,0x0000002755100000] [id=41856]

[error occurred during error reporting (printing all threads), id 0xc0000005, EXCEPTION_ACCESS_VIOLATION (0xc0000005) at pc=0x00007ffbeafcbd07]

VM state: not at safepoint (not fully initialized)

VM Mutex/Monitor currently owned by a thread:  ([mutex/lock_event])
[0x0000014e8bb1d500] Heap_lock - owner thread: 0x0000014e89b2bfa0

Heap address: 0x0000000083000000, size: 2000 MB, Compressed Oops mode: 32-bit

CDS archive(s) mapped at: [0x0000000000000000-0x0000000000000000-0x0000000000000000), size 0, SharedBaseAddress: 0x0000000800000000, ArchiveRelocationMode: 0.
Narrow klass base: 0x0000000000000000, Narrow klass shift: 0, Narrow klass range: 0x0

GC Precious Log:
<Empty>

Heap:
 garbage-first heap   total 0K, used 0K [0x0000000083000000, 0x0000000100000000)
  region size 1024K, 0 young (0K), 0 survivors (0K)

[error occurred during error reporting (printing heap information), id 0xc0000005, EXCEPTION_ACCESS_VIOLATION (0xc0000005) at pc=0x00007ffbeb3afd49]

GC Heap History (0 events):
No events

Deoptimization events (0 events):
No events

Classes unloaded (0 events):
No events

Classes redefined (0 events):
No events

Internal exceptions (0 events):
No events

VM Operations (0 events):
No events

Events (1 events):
Event: 0.064 Loaded shared library C:\Program Files\Zulu\zulu-17\bin\java.dll


Dynamic libraries:
0x00007ff615b00000 - 0x00007ff615b0e000 	C:\Program Files\Zulu\zulu-17\bin\javaw.exe
0x00007ffc561f0000 - 0x00007ffc56406000 	C:\Windows\SYSTEM32\ntdll.dll
0x00007ffc55580000 - 0x00007ffc55644000 	C:\Windows\System32\KERNEL32.DLL
0x00007ffc53620000 - 0x00007ffc539c7000 	C:\Windows\System32\KERNELBASE.dll
0x00007ffc53d50000 - 0x00007ffc53e61000 	C:\Windows\System32\ucrtbase.dll
0x00007ffc3d670000 - 0x00007ffc3d688000 	C:\Program Files\Zulu\zulu-17\bin\jli.dll
0x00007ffc55900000 - 0x00007ffc55aae000 	C:\Windows\System32\USER32.dll
0x00007ffc539d0000 - 0x00007ffc539f6000 	C:\Windows\System32\win32u.dll
0x00007ffc56020000 - 0x00007ffc56049000 	C:\Windows\System32\GDI32.dll
0x00007ffc3d920000 - 0x00007ffc3d93b000 	C:\Program Files\Zulu\zulu-17\bin\VCRUNTIME140.dll
0x00007ffc53b70000 - 0x00007ffc53c89000 	C:\Windows\System32\gdi32full.dll
0x00007ffc53580000 - 0x00007ffc5361a000 	C:\Windows\System32\msvcp_win.dll
0x00007ffc30400000 - 0x00007ffc30693000 	C:\Windows\WinSxS\amd64_microsoft.windows.common-controls_6595b64144ccf1df_6.0.22621.3235_none_270f74e173860f98\COMCTL32.dll
0x00007ffc55ed0000 - 0x00007ffc55f77000 	C:\Windows\System32\msvcrt.dll
0x00007ffc54400000 - 0x00007ffc54431000 	C:\Windows\System32\IMM32.DLL
0x00007ffc53220000 - 0x00007ffc533c0000 	C:\Program Files\Avecto\Privilege Guard Client\PGHook.dll
0x00007ffc54be0000 - 0x00007ffc54c92000 	C:\Windows\System32\ADVAPI32.dll
0x00007ffc55bb0000 - 0x00007ffc55c58000 	C:\Windows\System32\sechost.dll
0x00007ffc53ef0000 - 0x00007ffc53f18000 	C:\Windows\System32\bcrypt.dll
0x00007ffc55db0000 - 0x00007ffc55ec5000 	C:\Windows\System32\RPCRT4.dll
0x00007ffc3d6b0000 - 0x00007ffc3d6bc000 	C:\Program Files\Zulu\zulu-17\bin\vcruntime140_1.dll
0x00007ffc30320000 - 0x00007ffc303ad000 	C:\Program Files\Zulu\zulu-17\bin\msvcp140.dll
0x00007ffbeace0000 - 0x00007ffbeb940000 	C:\Program Files\Zulu\zulu-17\bin\server\jvm.dll
0x00007ffc55f80000 - 0x00007ffc55f88000 	C:\Windows\System32\PSAPI.DLL
0x00007ffc40bc0000 - 0x00007ffc40bc9000 	C:\Windows\SYSTEM32\WSOCK32.dll
0x00007ffc54b60000 - 0x00007ffc54bd1000 	C:\Windows\System32\WS2_32.dll
0x00007ffc4a790000 - 0x00007ffc4a7c4000 	C:\Windows\SYSTEM32\WINMM.dll
0x00007ffc4c8b0000 - 0x00007ffc4c8ba000 	C:\Windows\SYSTEM32\VERSION.dll
0x00007ffc52280000 - 0x00007ffc52298000 	C:\Windows\SYSTEM32\kernel.appcore.dll
0x00007ffc4df80000 - 0x00007ffc4df8a000 	C:\Program Files\Zulu\zulu-17\bin\jimage.dll
0x00007ffc509b0000 - 0x00007ffc50be3000 	C:\Windows\SYSTEM32\DBGHELP.DLL
0x00007ffc545e0000 - 0x00007ffc54968000 	C:\Windows\System32\combase.dll
0x00007ffc55ab0000 - 0x00007ffc55b87000 	C:\Windows\System32\OLEAUT32.dll
0x00007ffc3e4e0000 - 0x00007ffc3e512000 	C:\Windows\SYSTEM32\dbgcore.DLL
0x00007ffc53e70000 - 0x00007ffc53ee9000 	C:\Windows\System32\bcryptPrimitives.dll
0x00007ffc3dfa0000 - 0x00007ffc3dfc5000 	C:\Program Files\Zulu\zulu-17\bin\java.dll

dbghelp: loaded successfully - version: 4.0.5 - missing functions: none
symbol engine: initialized successfully - sym options: 0x614 - pdb path: .;C:\Program Files\Zulu\zulu-17\bin;C:\Windows\SYSTEM32;C:\Windows\WinSxS\amd64_microsoft.windows.common-controls_6595b64144ccf1df_6.0.22621.3235_none_270f74e173860f98;C:\Program Files\Avecto\Privilege Guard Client;C:\Program Files\Zulu\zulu-17\bin\server

VM Arguments:
jvm_args: -ea -Dfile.encoding=UTF-8 -XX:+ShowCodeDetailsInExceptionMessages 
java_command: org.testng.remote.RemoteTestNG -serport 64018 -protocol json -d C:\Users\2317431\eclipse-workspace\casproject\test-output C:\Users\2317431\eclipse-workspace\casproject\src\test\java\casproject\testng.xml
java_class_path (initial): C:\Users\2317431\eclipse\jee-2022-09\eclipse\configuration\org.eclipse.osgi\919\0\.cp\lib\testng-remote.jar;C:\Users\2317431\eclipse-workspace\casproject\target\test-classes;C:\Users\2317431\eclipse-workspace\casproject\target\classes;C:\Users\2317431\.p2\pool\plugins\org.testng_7.10.1.r202404130807.jar;C:\Users\2317431\.p2\pool\plugins\com.beust.jcommander_1.82.0.jar;C:\Users\2317431\.p2\pool\plugins\org.apache-extras.beanshell.bsh_2.0.0.b6.jar;C:\Users\2317431\.p2\pool\plugins\org.yaml.snakeyaml_1.27.0.v20201111-1638.jar;C:\Users\2317431\.p2\pool\plugins\org.webjars.jquery_3.7.1.jar;C:\Users\2317431\.m2\repository\org\seleniumhq\selenium\selenium-java\4.19.1\selenium-java-4.19.1.jar;C:\Users\2317431\.m2\repository\org\seleniumhq\selenium\selenium-api\4.19.1\selenium-api-4.19.1.jar;C:\Users\2317431\.m2\repository\org\seleniumhq\selenium\selenium-chrome-driver\4.19.1\selenium-chrome-driver-4.19.1.jar;C:\Users\2317431\.m2\repository\com\google\auto\service\auto-service-annotations\1.1.1\auto-service-annotations-1.1.1.jar;C:\Users\2317431\.m2\repository\org\seleniumhq\selenium\selenium-chromium-driver\4.19.1\selenium-chromium-driver-4.19.1.jar;C:\Users\2317431\.m2\repository\org\seleniumhq\selenium\selenium-json\4.19.1\selenium-json-4.19.1.jar;C:\Users\2317431\.m2\repository\org\seleniumhq\selenium\selenium-manager\4.19.1\selenium-manager-4.19.1.jar;C:\Users\2317431\.m2\repository\org\seleniumhq\selenium\selenium-devtools-v121\4.19.1\selenium-devtools-v121-4.19.1.jar;C:\Users\2317431\.m2\repository\org\seleniumhq\selenium\selenium-devtools-v122\4.19.1\selenium-devtools-v122-4.19.1.jar;C:\Users\2317431\.m2\repository\org\seleniumhq\selenium\selenium-devtools-v123\4.19.1\selenium-devtools-v123-4.19.1.jar;C:\Users\2317431\.m2\repository\org\seleniumhq\selenium\selenium-devtools-v85\4.19.1\selenium-devtools-v85-4.19.1.jar;C:\Users\2317431\.m2\repository\org\seleniumhq\selenium\selenium-edge-driver\4.19.1\selenium-edge-driver-4.19.1.jar;C:\User
Launcher Type: SUN_STANDARD

[Global flags]
     intx CICompilerCount                          = 4                                         {product} {ergonomic}
     uint ConcGCThreads                            = 2                                         {product} {ergonomic}
     uint G1ConcRefinementThreads                  = 8                                         {product} {ergonomic}
   size_t G1HeapRegionSize                         = 1048576                                   {product} {ergonomic}
    uintx GCDrainStackTargetSize                   = 64                                        {product} {ergonomic}
   size_t InitialHeapSize                          = 132120576                                 {product} {ergonomic}
   size_t MarkStackSize                            = 4194304                                   {product} {ergonomic}
   size_t MaxHeapSize                              = 2097152000                                {product} {ergonomic}
   size_t MinHeapDeltaBytes                        = 1048576                                   {product} {ergonomic}
   size_t MinHeapSize                              = 8388608                                   {product} {ergonomic}
    uintx NonNMethodCodeHeapSize                   = 5839372                                {pd product} {ergonomic}
    uintx NonProfiledCodeHeapSize                  = 122909434                              {pd product} {ergonomic}
    uintx ProfiledCodeHeapSize                     = 122909434                              {pd product} {ergonomic}
    uintx ReservedCodeCacheSize                    = 251658240                              {pd product} {ergonomic}
     bool SegmentedCodeCache                       = true                                      {product} {ergonomic}
     bool ShowCodeDetailsInExceptionMessages       = true                                   {manageable} {command line}
   size_t SoftMaxHeapSize                          = 2097152000                             {manageable} {ergonomic}
     bool UseCompressedClassPointers               = true                           {product lp64_product} {ergonomic}
     bool UseCompressedOops                        = true                           {product lp64_product} {ergonomic}
     bool UseG1GC                                  = true                                      {product} {ergonomic}
     bool UseLargePagesIndividualAllocation        = false                                  {pd product} {ergonomic}

Logging:
Log output configuration:
 #0: stdout all=warning uptime,level,tags
 #1: stderr all=off uptime,level,tags

Environment Variables:
PATH=C:/Program Files/Zulu/zulu-17/bin/server;C:/Program Files/Zulu/zulu-17/bin;C:\Program Files\Zulu\zulu-17\bin\;C:\Windows\system32;C:\Windows;C:\Windows\System32\Wbem;C:\Windows\System32\WindowsPowerShell\v1.0\;C:\Windows\System32\OpenSSH\;C:\Program Files\Git\cmd;C:\OPT\apache-maven-3.9.3\bin;C:\Program Files\MySQL\MySQL Shell 8.0\bin\;C:\Users\2317431\AppData\Local\Microsoft\WindowsApps;;C:\Users\2317431\OneDrive - Cognizant\Desktop;
USERNAME=2317431
OS=Windows_NT
PROCESSOR_IDENTIFIER=Intel64 Family 6 Model 142 Stepping 12, GenuineIntel



---------------  S Y S T E M  ---------------

OS:
 Windows 11 , 64 bit Build 22621 (10.0.22621.3374)
OS uptime: 8 days 3:02 hours
Hyper-V role detected

CPU: total 8 (initial active 8) (4 cores per cpu, 2 threads per core) family 6 model 142 stepping 12 microcode 0xf0, cx8, cmov, fxsr, ht, mmx, 3dnowpref, sse, sse2, sse3, ssse3, sse4.1, sse4.2, popcnt, lzcnt, tsc, tscinvbit, avx, avx2, aes, erms, clmul, bmi1, bmi2, adx, fma, vzeroupper, clflush, clflushopt, hv

Memory: 4k page, system-wide physical 7998M (508M free)
TotalPageFile size 24382M (AvailPageFile size 33M)
current process WorkingSet (physical memory assigned to process): 12M, peak: 12M
current process commit charge ("private bytes"): 60M, peak: 186M

vm_info: OpenJDK 64-Bit Server VM (17.0.2+8-LTS) for windows-amd64 JRE (17.0.2+8-LTS) (Zulu17.32+13-CA), built on Jan  8 2022 13:06:16 by "zulu_re" with MS VC++ 16.10 / 16.11 (VS2019)

END.
