#
# There is insufficient memory for the Java Runtime Environment to continue.
# Native memory allocation (malloc) failed to allocate 1970736 bytes for Chunk::new
# Possible reasons:
#   The system is out of physical RAM or swap space
#   The process is running with CompressedOops enabled, and the Java Heap may be blocking the growth of the native heap
# Possible solutions:
#   Reduce memory load on the system
#   Increase physical memory or swap space
#   Check if swap backing store is full
#   Decrease Java heap size (-Xmx/-Xms)
#   Decrease number of Java threads
#   Decrease Java thread stack sizes (-Xss)
#   Set larger code cache with -XX:ReservedCodeCacheSize=
#   JVM is running with Unscaled Compressed Oops mode in which the Java heap is
#     placed in the first 4GB address space. The Java Heap base address is the
#     maximum limit for the native heap growth. Please use -XX:HeapBaseMinAddress
#     to set the Java Heap base and to place the Java Heap above 4GB virtual address.
# This output file may be truncated or incomplete.
#
#  Out of Memory Error (arena.cpp:189), pid=42204, tid=26948
#
# JRE version: OpenJDK Runtime Environment Zulu17.32+13-CA (17.0.2+8) (build 17.0.2+8-LTS)
# Java VM: OpenJDK 64-Bit Server VM Zulu17.32+13-CA (17.0.2+8-LTS, mixed mode, sharing, tiered, compressed oops, compressed class ptrs, g1 gc, windows-amd64)
# No core dump will be written. Minidumps are not enabled by default on client versions of Windows
#

---------------  S U M M A R Y ------------

Command Line: -ea -Dfile.encoding=UTF-8 -XX:+ShowCodeDetailsInExceptionMessages org.testng.remote.RemoteTestNG -serport 64061 -protocol json -d C:\Users\2317431\eclipse-workspace\casproject\test-output C:\Users\2317431\eclipse-workspace\casproject\src\test\java\casproject\testng.xml

Host: Intel(R) Core(TM) i5-8265U CPU @ 1.60GHz, 8 cores, 7G,  Windows 11 , 64 bit Build 22621 (10.0.22621.3374)
Time: Tue Apr 30 14:54:06 2024 India Standard Time elapsed time: 12.111435 seconds (0d 0h 0m 12s)

---------------  T H R E A D  ---------------

Current thread (0x000001ccd45692b0):  JavaThread "C2 CompilerThread0" daemon [_thread_in_native, id=26948, stack(0x000000400db00000,0x000000400dc00000)]


Current CompileTask:
C2:  12111 2176       4       java.lang.invoke.MethodType::makeImpl (109 bytes)

Stack: [0x000000400db00000,0x000000400dc00000]
Native frames: (J=compiled Java code, j=interpreted, Vv=VM code, C=native code)
V  [jvm.dll+0x6769fa]
V  [jvm.dll+0x831784]
V  [jvm.dll+0x832f2e]
V  [jvm.dll+0x833593]
V  [jvm.dll+0x2455e5]
V  [jvm.dll+0xabf1b]
V  [jvm.dll+0xac4ac]
V  [jvm.dll+0x3635a2]
V  [jvm.dll+0x32dae1]
V  [jvm.dll+0x32cf8a]
V  [jvm.dll+0x218531]
V  [jvm.dll+0x217951]
V  [jvm.dll+0x1a3e2d]
V  [jvm.dll+0x2272d8]
V  [jvm.dll+0x22542c]
V  [jvm.dll+0x7e701c]
V  [jvm.dll+0x7e15ca]
V  [jvm.dll+0x675885]
C  [ucrtbase.dll+0x29333]
C  [KERNEL32.DLL+0x1257d]
C  [ntdll.dll+0x5aa48]


---------------  P R O C E S S  ---------------

Threads class SMR info:
_java_thread_list=0x000001ccd73ea060, length=34, elements={
0x000001ccb434bd90, 0x000001ccd4546b90, 0x000001ccd4547ee0, 0x000001ccd4554e00,
0x000001ccd45559b0, 0x000001ccd4557110, 0x000001ccd45686c0, 0x000001ccd45692b0,
0x000001ccd456abc0, 0x000001ccd457d4b0, 0x000001ccd50c5740, 0x000001ccd50c4400,
0x000001ccd50c6f50, 0x000001ccd50c7dc0, 0x000001ccd50c4da0, 0x000001ccd50c5270,
0x000001ccd50c65b0, 0x000001ccd50c6a80, 0x000001ccd50c7420, 0x000001ccd50c5c10,
0x000001ccd50c78f0, 0x000001ccd71b09e0, 0x000001ccd71b3ed0, 0x000001ccd71b0eb0,
0x000001ccd71b3a00, 0x000001ccd71b0510, 0x000001ccd71b5210, 0x000001ccd71ae830,
0x000001ccd71b1d20, 0x000001ccd71b4d40, 0x000001ccd71b43a0, 0x000001ccd71af1d0,
0x000001ccd71b4870, 0x000001ccd5134660
}

Java Threads: ( => current thread )
  0x000001ccb434bd90 JavaThread "Forwarding get on session 18ef9f80713d4ed0e9fac6924db8ed46 to remote" [_thread_blocked, id=40256, stack(0x000000400ce00000,0x000000400cf00000)]
  0x000001ccd4546b90 JavaThread "Reference Handler" daemon [_thread_blocked, id=39420, stack(0x000000400d500000,0x000000400d600000)]
  0x000001ccd4547ee0 JavaThread "Finalizer" daemon [_thread_blocked, id=45012, stack(0x000000400d600000,0x000000400d700000)]
  0x000001ccd4554e00 JavaThread "Signal Dispatcher" daemon [_thread_blocked, id=6400, stack(0x000000400d700000,0x000000400d800000)]
  0x000001ccd45559b0 JavaThread "Attach Listener" daemon [_thread_blocked, id=10048, stack(0x000000400d800000,0x000000400d900000)]
  0x000001ccd4557110 JavaThread "Service Thread" daemon [_thread_blocked, id=45496, stack(0x000000400d900000,0x000000400da00000)]
  0x000001ccd45686c0 JavaThread "Monitor Deflation Thread" daemon [_thread_blocked, id=42036, stack(0x000000400da00000,0x000000400db00000)]
=>0x000001ccd45692b0 JavaThread "C2 CompilerThread0" daemon [_thread_in_native, id=26948, stack(0x000000400db00000,0x000000400dc00000)]
  0x000001ccd456abc0 JavaThread "C1 CompilerThread0" daemon [_thread_blocked, id=37740, stack(0x000000400dc00000,0x000000400dd00000)]
  0x000001ccd457d4b0 JavaThread "Sweeper thread" daemon [_thread_blocked, id=19932, stack(0x000000400dd00000,0x000000400de00000)]
  0x000001ccd50c5740 JavaThread "Notification Thread" daemon [_thread_blocked, id=41020, stack(0x000000400de00000,0x000000400df00000)]
  0x000001ccd50c4400 JavaThread "Common-Cleaner" daemon [_thread_blocked, id=36668, stack(0x000000400e000000,0x000000400e100000)]
  0x000001ccd50c6f50 JavaThread "ReaderThread" [_thread_in_native, id=42892, stack(0x000000400e300000,0x000000400e400000)]
  0x000001ccd50c7dc0 JavaThread "ForkJoinPool.commonPool-worker-1" daemon [_thread_blocked, id=46580, stack(0x000000400e400000,0x000000400e500000)]
  0x000001ccd50c4da0 JavaThread "ForkJoinPool.commonPool-worker-3" daemon [_thread_blocked, id=37352, stack(0x000000400e500000,0x000000400e600000)]
  0x000001ccd50c5270 JavaThread "ForkJoinPool.commonPool-worker-2" daemon [_thread_blocked, id=17836, stack(0x000000400e600000,0x000000400e700000)]
  0x000001ccd50c65b0 JavaThread "ForkJoinPool.commonPool-worker-4" daemon [_thread_blocked, id=9492, stack(0x000000400ed00000,0x000000400ee00000)]
  0x000001ccd50c6a80 JavaThread "ForkJoinPool.commonPool-worker-5" daemon [_thread_blocked, id=48684, stack(0x000000400ee00000,0x000000400ef00000)]
  0x000001ccd50c7420 JavaThread "ForkJoinPool.commonPool-worker-6" daemon [_thread_blocked, id=18500, stack(0x000000400ef00000,0x000000400f000000)]
  0x000001ccd50c5c10 JavaThread "ForkJoinPool.commonPool-worker-7" daemon [_thread_blocked, id=29508, stack(0x000000400f000000,0x000000400f100000)]
  0x000001ccd50c78f0 JavaThread "HttpClient-1-SelectorManager" daemon [_thread_in_native, id=24032, stack(0x000000400f100000,0x000000400f200000)]
  0x000001ccd71b09e0 JavaThread "External Process Output Forwarder - C:\Users\2317431\.cache\selenium\msedgedriver\win64\124.0.2478.67\msedgedriver.exe" daemon [_thread_in_native, id=26744, stack(0x000000400f300000,0x000000400f400000)]
  0x000001ccd71b3ed0 JavaThread "Driver Service Executor" daemon [_thread_blocked, id=17032, stack(0x000000400f400000,0x000000400f500000)]
  0x000001ccd71b0eb0 JavaThread "Driver Service Executor" daemon [_thread_in_native, id=32260, stack(0x000000400e100000,0x000000400e200000)]
  0x000001ccd71b3a00 JavaThread "UrlChecker-2" daemon [_thread_blocked, id=13508, stack(0x000000400f500000,0x000000400f600000)]
  0x000001ccd71b0510 JavaThread "Keep-Alive-Timer" daemon [_thread_blocked, id=12636, stack(0x000000400f600000,0x000000400f700000)]
  0x000001ccd71b5210 JavaThread "JdkHttpClient-0-0" daemon [_thread_blocked, id=48772, stack(0x000000400f700000,0x000000400f800000)]
  0x000001ccd71ae830 JavaThread "JdkHttpClient-0-1" daemon [_thread_blocked, id=48212, stack(0x000000400f800000,0x000000400f900000)]
  0x000001ccd71b1d20 JavaThread "JdkHttpClient-0-2" daemon [_thread_blocked, id=9320, stack(0x000000400f900000,0x000000400fa00000)]
  0x000001ccd71b4d40 JavaThread "HttpClient-2-SelectorManager" daemon [_thread_in_native, id=14096, stack(0x000000400fa00000,0x000000400fb00000)]
  0x000001ccd71b43a0 JavaThread "JdkHttpClient-1-0" daemon [_thread_blocked, id=39100, stack(0x000000400fc00000,0x000000400fd00000)]
  0x000001ccd71af1d0 JavaThread "JdkHttpClient-1-1" daemon [_thread_blocked, id=37444, stack(0x000000400fd00000,0x000000400fe00000)]
  0x000001ccd71b4870 JavaThread "JdkHttpClient-1-2" daemon [_thread_blocked, id=47372, stack(0x000000400fe00000,0x000000400ff00000)]
  0x000001ccd5134660 JavaThread "C2 CompilerThread1" daemon [_thread_blocked, id=11304, stack(0x000000400ff00000,0x0000004010000000)]

Other Threads:
  0x000001ccd4540940 VMThread "VM Thread" [stack: 0x000000400d400000,0x000000400d500000] [id=28724]
  0x000001ccb43aaf40 WatcherThread [stack: 0x000000400df00000,0x000000400e000000] [id=44756]
  0x000001ccb4388e10 GCTaskThread "GC Thread#0" [stack: 0x000000400cf00000,0x000000400d000000] [id=42404]
  0x000001ccd61ae8a0 GCTaskThread "GC Thread#1" [stack: 0x000000400e700000,0x000000400e800000] [id=6356]
  0x000001ccd61aeb50 GCTaskThread "GC Thread#2" [stack: 0x000000400e800000,0x000000400e900000] [id=16496]
  0x000001ccd61dee30 GCTaskThread "GC Thread#3" [stack: 0x000000400e900000,0x000000400ea00000] [id=39992]
  0x000001ccd5be9480 GCTaskThread "GC Thread#4" [stack: 0x000000400ea00000,0x000000400eb00000] [id=39196]
  0x000001ccd5fc3b50 GCTaskThread "GC Thread#5" [stack: 0x000000400eb00000,0x000000400ec00000] [id=37652]
  0x000001ccd5b76b50 GCTaskThread "GC Thread#6" [stack: 0x000000400ec00000,0x000000400ed00000] [id=48336]
  0x000001ccd503e3d0 GCTaskThread "GC Thread#7" [stack: 0x000000400fb00000,0x000000400fc00000] [id=40052]
  0x000001ccb439a2c0 ConcurrentGCThread "G1 Main Marker" [stack: 0x000000400d000000,0x000000400d100000] [id=12472]
  0x000001ccb439acd0 ConcurrentGCThread "G1 Conc#0" [stack: 0x000000400d100000,0x000000400d200000] [id=1876]
  0x000001ccb43f6870 ConcurrentGCThread "G1 Refine#0" [stack: 0x000000400d200000,0x000000400d300000] [id=47636]
  0x000001ccd44032c0 ConcurrentGCThread "G1 Service" [stack: 0x000000400d300000,0x000000400d400000] [id=38572]

Threads with active compile tasks:
C2 CompilerThread0    12181 2176       4       java.lang.invoke.MethodType::makeImpl (109 bytes)

VM state: not at safepoint (normal execution)

VM Mutex/Monitor currently owned by a thread: None

Heap address: 0x0000000083000000, size: 2000 MB, Compressed Oops mode: 32-bit

CDS archive(s) mapped at: [0x0000000800000000-0x0000000800bc0000-0x0000000800bc0000), size 12320768, SharedBaseAddress: 0x0000000800000000, ArchiveRelocationMode: 0.
Compressed class space mapped at: 0x0000000800c00000-0x0000000840c00000, reserved size: 1073741824
Narrow klass base: 0x0000000800000000, Narrow klass shift: 0, Narrow klass range: 0x100000000

GC Precious Log:
 CPUs: 8 total, 8 available
 Memory: 7998M
 Large Page Support: Disabled
 NUMA Support: Disabled
 Compressed Oops: Enabled (32-bit)
 Heap Region Size: 1M
 Heap Min Capacity: 8M
 Heap Initial Capacity: 126M
 Heap Max Capacity: 2000M
 Pre-touch: Disabled
 Parallel Workers: 8
 Concurrent Workers: 2
 Concurrent Refinement Workers: 8
 Periodic GC: Disabled

Heap:
 garbage-first heap   total 129024K, used 13188K [0x0000000083000000, 0x0000000100000000)
  region size 1024K, 9 young (9216K), 4 survivors (4096K)
 Metaspace       used 16633K, committed 16960K, reserved 1064960K
  class space    used 2060K, committed 2240K, reserved 1048576K

Heap Regions: E=young(eden), S=young(survivor), O=old, HS=humongous(starts), HC=humongous(continues), CS=collection set, F=free, OA=open archive, CA=closed archive, TAMS=top-at-mark-start (previous, next)
|   0|0x0000000083000000, 0x0000000083100000, 0x0000000083100000|100%| O|  |TAMS 0x0000000083000000, 0x0000000083000000| Untracked 
|   1|0x0000000083100000, 0x0000000083200000, 0x0000000083200000|100%| O|  |TAMS 0x0000000083100000, 0x0000000083100000| Untracked 
|   2|0x0000000083200000, 0x0000000083300000, 0x0000000083300000|100%| O|  |TAMS 0x0000000083200000, 0x0000000083200000| Untracked 
|   3|0x0000000083300000, 0x0000000083400000, 0x0000000083400000|100%| O|  |TAMS 0x0000000083300000, 0x0000000083300000| Untracked 
|   4|0x0000000083400000, 0x0000000083500000, 0x0000000083500000|100%| O|  |TAMS 0x0000000083400000, 0x0000000083400000| Untracked 
|   5|0x0000000083500000, 0x00000000835bc400, 0x0000000083600000| 73%| O|  |TAMS 0x0000000083500000, 0x0000000083500000| Untracked 
|   6|0x0000000083600000, 0x0000000083600000, 0x0000000083700000|  0%| F|  |TAMS 0x0000000083600000, 0x0000000083600000| Untracked 
|   7|0x0000000083700000, 0x0000000083700000, 0x0000000083800000|  0%| F|  |TAMS 0x0000000083700000, 0x0000000083700000| Untracked 
|   8|0x0000000083800000, 0x0000000083800000, 0x0000000083900000|  0%| F|  |TAMS 0x0000000083800000, 0x0000000083800000| Untracked 
|   9|0x0000000083900000, 0x0000000083900000, 0x0000000083a00000|  0%| F|  |TAMS 0x0000000083900000, 0x0000000083900000| Untracked 
|  10|0x0000000083a00000, 0x0000000083a00000, 0x0000000083b00000|  0%| F|  |TAMS 0x0000000083a00000, 0x0000000083a00000| Untracked 
|  11|0x0000000083b00000, 0x0000000083b00000, 0x0000000083c00000|  0%| F|  |TAMS 0x0000000083b00000, 0x0000000083b00000| Untracked 
|  12|0x0000000083c00000, 0x0000000083c00000, 0x0000000083d00000|  0%| F|  |TAMS 0x0000000083c00000, 0x0000000083c00000| Untracked 
|  13|0x0000000083d00000, 0x0000000083d00000, 0x0000000083e00000|  0%| F|  |TAMS 0x0000000083d00000, 0x0000000083d00000| Untracked 
|  14|0x0000000083e00000, 0x0000000083e00000, 0x0000000083f00000|  0%| F|  |TAMS 0x0000000083e00000, 0x0000000083e00000| Untracked 
|  15|0x0000000083f00000, 0x0000000083f00000, 0x0000000084000000|  0%| F|  |TAMS 0x0000000083f00000, 0x0000000083f00000| Untracked 
|  16|0x0000000084000000, 0x0000000084000000, 0x0000000084100000|  0%| F|  |TAMS 0x0000000084000000, 0x0000000084000000| Untracked 
|  17|0x0000000084100000, 0x0000000084100000, 0x0000000084200000|  0%| F|  |TAMS 0x0000000084100000, 0x0000000084100000| Untracked 
|  18|0x0000000084200000, 0x0000000084200000, 0x0000000084300000|  0%| F|  |TAMS 0x0000000084200000, 0x0000000084200000| Untracked 
|  19|0x0000000084300000, 0x0000000084300000, 0x0000000084400000|  0%| F|  |TAMS 0x0000000084300000, 0x0000000084300000| Untracked 
|  20|0x0000000084400000, 0x0000000084400000, 0x0000000084500000|  0%| F|  |TAMS 0x0000000084400000, 0x0000000084400000| Untracked 
|  21|0x0000000084500000, 0x0000000084500000, 0x0000000084600000|  0%| F|  |TAMS 0x0000000084500000, 0x0000000084500000| Untracked 
|  22|0x0000000084600000, 0x0000000084600000, 0x0000000084700000|  0%| F|  |TAMS 0x0000000084600000, 0x0000000084600000| Untracked 
|  23|0x0000000084700000, 0x0000000084700000, 0x0000000084800000|  0%| F|  |TAMS 0x0000000084700000, 0x0000000084700000| Untracked 
|  24|0x0000000084800000, 0x0000000084800000, 0x0000000084900000|  0%| F|  |TAMS 0x0000000084800000, 0x0000000084800000| Untracked 
|  25|0x0000000084900000, 0x0000000084900000, 0x0000000084a00000|  0%| F|  |TAMS 0x0000000084900000, 0x0000000084900000| Untracked 
|  26|0x0000000084a00000, 0x0000000084a00000, 0x0000000084b00000|  0%| F|  |TAMS 0x0000000084a00000, 0x0000000084a00000| Untracked 
|  27|0x0000000084b00000, 0x0000000084b00000, 0x0000000084c00000|  0%| F|  |TAMS 0x0000000084b00000, 0x0000000084b00000| Untracked 
|  28|0x0000000084c00000, 0x0000000084c00000, 0x0000000084d00000|  0%| F|  |TAMS 0x0000000084c00000, 0x0000000084c00000| Untracked 
|  29|0x0000000084d00000, 0x0000000084d00000, 0x0000000084e00000|  0%| F|  |TAMS 0x0000000084d00000, 0x0000000084d00000| Untracked 
|  30|0x0000000084e00000, 0x0000000084e00000, 0x0000000084f00000|  0%| F|  |TAMS 0x0000000084e00000, 0x0000000084e00000| Untracked 
|  31|0x0000000084f00000, 0x0000000084f00000, 0x0000000085000000|  0%| F|  |TAMS 0x0000000084f00000, 0x0000000084f00000| Untracked 
|  32|0x0000000085000000, 0x0000000085000000, 0x0000000085100000|  0%| F|  |TAMS 0x0000000085000000, 0x0000000085000000| Untracked 
|  33|0x0000000085100000, 0x0000000085100000, 0x0000000085200000|  0%| F|  |TAMS 0x0000000085100000, 0x0000000085100000| Untracked 
|  34|0x0000000085200000, 0x0000000085200000, 0x0000000085300000|  0%| F|  |TAMS 0x0000000085200000, 0x0000000085200000| Untracked 
|  35|0x0000000085300000, 0x0000000085300000, 0x0000000085400000|  0%| F|  |TAMS 0x0000000085300000, 0x0000000085300000| Untracked 
|  36|0x0000000085400000, 0x0000000085400000, 0x0000000085500000|  0%| F|  |TAMS 0x0000000085400000, 0x0000000085400000| Untracked 
|  37|0x0000000085500000, 0x0000000085500000, 0x0000000085600000|  0%| F|  |TAMS 0x0000000085500000, 0x0000000085500000| Untracked 
|  38|0x0000000085600000, 0x0000000085600000, 0x0000000085700000|  0%| F|  |TAMS 0x0000000085600000, 0x0000000085600000| Untracked 
|  39|0x0000000085700000, 0x0000000085700000, 0x0000000085800000|  0%| F|  |TAMS 0x0000000085700000, 0x0000000085700000| Untracked 
|  40|0x0000000085800000, 0x0000000085800000, 0x0000000085900000|  0%| F|  |TAMS 0x0000000085800000, 0x0000000085800000| Untracked 
|  41|0x0000000085900000, 0x0000000085900000, 0x0000000085a00000|  0%| F|  |TAMS 0x0000000085900000, 0x0000000085900000| Untracked 
|  42|0x0000000085a00000, 0x0000000085a00000, 0x0000000085b00000|  0%| F|  |TAMS 0x0000000085a00000, 0x0000000085a00000| Untracked 
|  43|0x0000000085b00000, 0x0000000085b00000, 0x0000000085c00000|  0%| F|  |TAMS 0x0000000085b00000, 0x0000000085b00000| Untracked 
|  44|0x0000000085c00000, 0x0000000085c00000, 0x0000000085d00000|  0%| F|  |TAMS 0x0000000085c00000, 0x0000000085c00000| Untracked 
|  45|0x0000000085d00000, 0x0000000085d00000, 0x0000000085e00000|  0%| F|  |TAMS 0x0000000085d00000, 0x0000000085d00000| Untracked 
|  46|0x0000000085e00000, 0x0000000085e00000, 0x0000000085f00000|  0%| F|  |TAMS 0x0000000085e00000, 0x0000000085e00000| Untracked 
|  47|0x0000000085f00000, 0x0000000085f00000, 0x0000000086000000|  0%| F|  |TAMS 0x0000000085f00000, 0x0000000085f00000| Untracked 
|  48|0x0000000086000000, 0x0000000086000000, 0x0000000086100000|  0%| F|  |TAMS 0x0000000086000000, 0x0000000086000000| Untracked 
|  49|0x0000000086100000, 0x0000000086100000, 0x0000000086200000|  0%| F|  |TAMS 0x0000000086100000, 0x0000000086100000| Untracked 
|  50|0x0000000086200000, 0x0000000086200000, 0x0000000086300000|  0%| F|  |TAMS 0x0000000086200000, 0x0000000086200000| Untracked 
|  51|0x0000000086300000, 0x0000000086300000, 0x0000000086400000|  0%| F|  |TAMS 0x0000000086300000, 0x0000000086300000| Untracked 
|  52|0x0000000086400000, 0x0000000086400000, 0x0000000086500000|  0%| F|  |TAMS 0x0000000086400000, 0x0000000086400000| Untracked 
|  53|0x0000000086500000, 0x0000000086500000, 0x0000000086600000|  0%| F|  |TAMS 0x0000000086500000, 0x0000000086500000| Untracked 
|  54|0x0000000086600000, 0x0000000086600000, 0x0000000086700000|  0%| F|  |TAMS 0x0000000086600000, 0x0000000086600000| Untracked 
|  55|0x0000000086700000, 0x0000000086700000, 0x0000000086800000|  0%| F|  |TAMS 0x0000000086700000, 0x0000000086700000| Untracked 
|  56|0x0000000086800000, 0x0000000086800000, 0x0000000086900000|  0%| F|  |TAMS 0x0000000086800000, 0x0000000086800000| Untracked 
|  57|0x0000000086900000, 0x0000000086900000, 0x0000000086a00000|  0%| F|  |TAMS 0x0000000086900000, 0x0000000086900000| Untracked 
|  58|0x0000000086a00000, 0x0000000086a00000, 0x0000000086b00000|  0%| F|  |TAMS 0x0000000086a00000, 0x0000000086a00000| Untracked 
|  59|0x0000000086b00000, 0x0000000086b00000, 0x0000000086c00000|  0%| F|  |TAMS 0x0000000086b00000, 0x0000000086b00000| Untracked 
|  60|0x0000000086c00000, 0x0000000086c00000, 0x0000000086d00000|  0%| F|  |TAMS 0x0000000086c00000, 0x0000000086c00000| Untracked 
|  61|0x0000000086d00000, 0x0000000086d00000, 0x0000000086e00000|  0%| F|  |TAMS 0x0000000086d00000, 0x0000000086d00000| Untracked 
|  62|0x0000000086e00000, 0x0000000086e00000, 0x0000000086f00000|  0%| F|  |TAMS 0x0000000086e00000, 0x0000000086e00000| Untracked 
|  63|0x0000000086f00000, 0x0000000086f00000, 0x0000000087000000|  0%| F|  |TAMS 0x0000000086f00000, 0x0000000086f00000| Untracked 
|  64|0x0000000087000000, 0x0000000087000000, 0x0000000087100000|  0%| F|  |TAMS 0x0000000087000000, 0x0000000087000000| Untracked 
|  65|0x0000000087100000, 0x0000000087100000, 0x0000000087200000|  0%| F|  |TAMS 0x0000000087100000, 0x0000000087100000| Untracked 
|  66|0x0000000087200000, 0x0000000087200000, 0x0000000087300000|  0%| F|  |TAMS 0x0000000087200000, 0x0000000087200000| Untracked 
|  67|0x0000000087300000, 0x0000000087300000, 0x0000000087400000|  0%| F|  |TAMS 0x0000000087300000, 0x0000000087300000| Untracked 
|  68|0x0000000087400000, 0x0000000087400000, 0x0000000087500000|  0%| F|  |TAMS 0x0000000087400000, 0x0000000087400000| Untracked 
|  69|0x0000000087500000, 0x0000000087500000, 0x0000000087600000|  0%| F|  |TAMS 0x0000000087500000, 0x0000000087500000| Untracked 
|  70|0x0000000087600000, 0x0000000087600000, 0x0000000087700000|  0%| F|  |TAMS 0x0000000087600000, 0x0000000087600000| Untracked 
|  71|0x0000000087700000, 0x0000000087700000, 0x0000000087800000|  0%| F|  |TAMS 0x0000000087700000, 0x0000000087700000| Untracked 
|  72|0x0000000087800000, 0x0000000087800000, 0x0000000087900000|  0%| F|  |TAMS 0x0000000087800000, 0x0000000087800000| Untracked 
|  73|0x0000000087900000, 0x0000000087900000, 0x0000000087a00000|  0%| F|  |TAMS 0x0000000087900000, 0x0000000087900000| Untracked 
|  74|0x0000000087a00000, 0x0000000087a00000, 0x0000000087b00000|  0%| F|  |TAMS 0x0000000087a00000, 0x0000000087a00000| Untracked 
|  75|0x0000000087b00000, 0x0000000087b00000, 0x0000000087c00000|  0%| F|  |TAMS 0x0000000087b00000, 0x0000000087b00000| Untracked 
|  76|0x0000000087c00000, 0x0000000087c00000, 0x0000000087d00000|  0%| F|  |TAMS 0x0000000087c00000, 0x0000000087c00000| Untracked 
|  77|0x0000000087d00000, 0x0000000087d00000, 0x0000000087e00000|  0%| F|  |TAMS 0x0000000087d00000, 0x0000000087d00000| Untracked 
|  78|0x0000000087e00000, 0x0000000087e00000, 0x0000000087f00000|  0%| F|  |TAMS 0x0000000087e00000, 0x0000000087e00000| Untracked 
|  79|0x0000000087f00000, 0x0000000087f00000, 0x0000000088000000|  0%| F|  |TAMS 0x0000000087f00000, 0x0000000087f00000| Untracked 
|  80|0x0000000088000000, 0x0000000088000000, 0x0000000088100000|  0%| F|  |TAMS 0x0000000088000000, 0x0000000088000000| Untracked 
|  81|0x0000000088100000, 0x0000000088100000, 0x0000000088200000|  0%| F|  |TAMS 0x0000000088100000, 0x0000000088100000| Untracked 
|  82|0x0000000088200000, 0x0000000088200000, 0x0000000088300000|  0%| F|  |TAMS 0x0000000088200000, 0x0000000088200000| Untracked 
|  83|0x0000000088300000, 0x0000000088300000, 0x0000000088400000|  0%| F|  |TAMS 0x0000000088300000, 0x0000000088300000| Untracked 
|  84|0x0000000088400000, 0x0000000088400000, 0x0000000088500000|  0%| F|  |TAMS 0x0000000088400000, 0x0000000088400000| Untracked 
|  85|0x0000000088500000, 0x0000000088500000, 0x0000000088600000|  0%| F|  |TAMS 0x0000000088500000, 0x0000000088500000| Untracked 
|  86|0x0000000088600000, 0x0000000088600000, 0x0000000088700000|  0%| F|  |TAMS 0x0000000088600000, 0x0000000088600000| Untracked 
|  87|0x0000000088700000, 0x0000000088700000, 0x0000000088800000|  0%| F|  |TAMS 0x0000000088700000, 0x0000000088700000| Untracked 
|  88|0x0000000088800000, 0x0000000088800000, 0x0000000088900000|  0%| F|  |TAMS 0x0000000088800000, 0x0000000088800000| Untracked 
|  89|0x0000000088900000, 0x0000000088900000, 0x0000000088a00000|  0%| F|  |TAMS 0x0000000088900000, 0x0000000088900000| Untracked 
|  90|0x0000000088a00000, 0x0000000088a24d40, 0x0000000088b00000| 14%| S|CS|TAMS 0x0000000088a00000, 0x0000000088a00000| Complete 
|  91|0x0000000088b00000, 0x0000000088c00000, 0x0000000088c00000|100%| S|CS|TAMS 0x0000000088b00000, 0x0000000088b00000| Complete 
|  92|0x0000000088c00000, 0x0000000088d00000, 0x0000000088d00000|100%| S|CS|TAMS 0x0000000088c00000, 0x0000000088c00000| Complete 
|  93|0x0000000088d00000, 0x0000000088e00000, 0x0000000088e00000|100%| S|CS|TAMS 0x0000000088d00000, 0x0000000088d00000| Complete 
|  94|0x0000000088e00000, 0x0000000088e00000, 0x0000000088f00000|  0%| F|  |TAMS 0x0000000088e00000, 0x0000000088e00000| Untracked 
|  95|0x0000000088f00000, 0x0000000088f00000, 0x0000000089000000|  0%| F|  |TAMS 0x0000000088f00000, 0x0000000088f00000| Untracked 
|  96|0x0000000089000000, 0x0000000089000000, 0x0000000089100000|  0%| F|  |TAMS 0x0000000089000000, 0x0000000089000000| Untracked 
|  97|0x0000000089100000, 0x0000000089100000, 0x0000000089200000|  0%| F|  |TAMS 0x0000000089100000, 0x0000000089100000| Untracked 
|  98|0x0000000089200000, 0x0000000089200000, 0x0000000089300000|  0%| F|  |TAMS 0x0000000089200000, 0x0000000089200000| Untracked 
|  99|0x0000000089300000, 0x0000000089300000, 0x0000000089400000|  0%| F|  |TAMS 0x0000000089300000, 0x0000000089300000| Untracked 
| 100|0x0000000089400000, 0x0000000089400000, 0x0000000089500000|  0%| F|  |TAMS 0x0000000089400000, 0x0000000089400000| Untracked 
| 101|0x0000000089500000, 0x0000000089500000, 0x0000000089600000|  0%| F|  |TAMS 0x0000000089500000, 0x0000000089500000| Untracked 
| 102|0x0000000089600000, 0x0000000089600000, 0x0000000089700000|  0%| F|  |TAMS 0x0000000089600000, 0x0000000089600000| Untracked 
| 103|0x0000000089700000, 0x0000000089700000, 0x0000000089800000|  0%| F|  |TAMS 0x0000000089700000, 0x0000000089700000| Untracked 
| 104|0x0000000089800000, 0x0000000089800000, 0x0000000089900000|  0%| F|  |TAMS 0x0000000089800000, 0x0000000089800000| Untracked 
| 105|0x0000000089900000, 0x0000000089900000, 0x0000000089a00000|  0%| F|  |TAMS 0x0000000089900000, 0x0000000089900000| Untracked 
| 106|0x0000000089a00000, 0x0000000089a00000, 0x0000000089b00000|  0%| F|  |TAMS 0x0000000089a00000, 0x0000000089a00000| Untracked 
| 107|0x0000000089b00000, 0x0000000089b00000, 0x0000000089c00000|  0%| F|  |TAMS 0x0000000089b00000, 0x0000000089b00000| Untracked 
| 108|0x0000000089c00000, 0x0000000089c00000, 0x0000000089d00000|  0%| F|  |TAMS 0x0000000089c00000, 0x0000000089c00000| Untracked 
| 109|0x0000000089d00000, 0x0000000089d00000, 0x0000000089e00000|  0%| F|  |TAMS 0x0000000089d00000, 0x0000000089d00000| Untracked 
| 110|0x0000000089e00000, 0x0000000089e00000, 0x0000000089f00000|  0%| F|  |TAMS 0x0000000089e00000, 0x0000000089e00000| Untracked 
| 111|0x0000000089f00000, 0x0000000089f00000, 0x000000008a000000|  0%| F|  |TAMS 0x0000000089f00000, 0x0000000089f00000| Untracked 
| 112|0x000000008a000000, 0x000000008a000000, 0x000000008a100000|  0%| F|  |TAMS 0x000000008a000000, 0x000000008a000000| Untracked 
| 113|0x000000008a100000, 0x000000008a100000, 0x000000008a200000|  0%| F|  |TAMS 0x000000008a100000, 0x000000008a100000| Untracked 
| 114|0x000000008a200000, 0x000000008a200000, 0x000000008a300000|  0%| F|  |TAMS 0x000000008a200000, 0x000000008a200000| Untracked 
| 115|0x000000008a300000, 0x000000008a300000, 0x000000008a400000|  0%| F|  |TAMS 0x000000008a300000, 0x000000008a300000| Untracked 
| 116|0x000000008a400000, 0x000000008a400000, 0x000000008a500000|  0%| F|  |TAMS 0x000000008a400000, 0x000000008a400000| Untracked 
| 117|0x000000008a500000, 0x000000008a500000, 0x000000008a600000|  0%| F|  |TAMS 0x000000008a500000, 0x000000008a500000| Untracked 
| 118|0x000000008a600000, 0x000000008a600000, 0x000000008a700000|  0%| F|  |TAMS 0x000000008a600000, 0x000000008a600000| Untracked 
| 119|0x000000008a700000, 0x000000008a700000, 0x000000008a800000|  0%| F|  |TAMS 0x000000008a700000, 0x000000008a700000| Untracked 
| 120|0x000000008a800000, 0x000000008a800000, 0x000000008a900000|  0%| F|  |TAMS 0x000000008a800000, 0x000000008a800000| Untracked 
| 121|0x000000008a900000, 0x000000008aa00000, 0x000000008aa00000|100%| E|  |TAMS 0x000000008a900000, 0x000000008a900000| Complete 
| 122|0x000000008aa00000, 0x000000008ab00000, 0x000000008ab00000|100%| E|CS|TAMS 0x000000008aa00000, 0x000000008aa00000| Complete 
| 123|0x000000008ab00000, 0x000000008ac00000, 0x000000008ac00000|100%| E|CS|TAMS 0x000000008ab00000, 0x000000008ab00000| Complete 
| 124|0x000000008ac00000, 0x000000008ad00000, 0x000000008ad00000|100%| E|CS|TAMS 0x000000008ac00000, 0x000000008ac00000| Complete 
| 125|0x000000008ad00000, 0x000000008ae00000, 0x000000008ae00000|100%| E|CS|TAMS 0x000000008ad00000, 0x000000008ad00000| Complete 

Card table byte_map: [0x000001cccd460000,0x000001cccd850000] _byte_map_base: 0x000001cccd048000

Marking Bits (Prev, Next): (CMBitMap*) 0x000001ccb4389420, (CMBitMap*) 0x000001ccb4389460
 Prev Bits: [0x000001cccdc40000, 0x000001cccfb80000)
 Next Bits: [0x000001cccfb80000, 0x000001ccd1ac0000)

Polling page: 0x000001ccb4400000

Metaspace:

Usage:
  Non-class:     14.23 MB used.
      Class:      2.01 MB used.
       Both:     16.24 MB used.

Virtual space:
  Non-class space:       16.00 MB reserved,      14.38 MB ( 90%) committed,  2 nodes.
      Class space:        1.00 GB reserved,       2.19 MB ( <1%) committed,  1 nodes.
             Both:        1.02 GB reserved,      16.56 MB (  2%) committed. 

Chunk freelists:
   Non-Class:  1.31 MB
       Class:  1.84 MB
        Both:  3.16 MB

MaxMetaspaceSize: unlimited
CompressedClassSpaceSize: 1.00 GB
Initial GC threshold: 21.00 MB
Current GC threshold: 21.00 MB
CDS: on
MetaspaceReclaimPolicy: balanced
 - commit_granule_bytes: 65536.
 - commit_granule_words: 8192.
 - virtual_space_node_default_size: 1048576.
 - enlarge_chunks_in_place: 1.
 - new_chunks_are_fully_committed: 0.
 - uncommit_free_chunks: 1.
 - use_allocation_guard: 0.
 - handle_deallocations: 1.


Internal statistics:

num_allocs_failed_limit: 0.
num_arena_births: 360.
num_arena_deaths: 0.
num_vsnodes_births: 3.
num_vsnodes_deaths: 0.
num_space_committed: 265.
num_space_uncommitted: 0.
num_chunks_returned_to_freelist: 0.
num_chunks_taken_from_freelist: 802.
num_chunk_merges: 0.
num_chunk_splits: 474.
num_chunks_enlarged: 301.
num_purges: 0.
num_inconsistent_stats: 0.

CodeHeap 'non-profiled nmethods': size=120000Kb used=829Kb max_used=829Kb free=119170Kb
 bounds [0x000001ccc50e0000, 0x000001ccc5350000, 0x000001cccc610000]
CodeHeap 'profiled nmethods': size=120000Kb used=4450Kb max_used=4450Kb free=115550Kb
 bounds [0x000001ccbdbb0000, 0x000001ccbe010000, 0x000001ccc50e0000]
CodeHeap 'non-nmethods': size=5760Kb used=1232Kb max_used=1315Kb free=4527Kb
 bounds [0x000001ccbd610000, 0x000001ccbd880000, 0x000001ccbdbb0000]
 total_blobs=2795 nmethods=2256 adapters=451
 compilation: enabled
              stopped_count=0, restarted_count=0
 full_count=0

Compilation events (20 events):
Event: 12.100 Thread 0x000001ccd456abc0 nmethod 2251 0x000001ccbe005010 code [0x000001ccbe0051a0, 0x000001ccbe0052b8]
Event: 12.101 Thread 0x000001ccd456abc0 2252       3       java.util.concurrent.locks.AbstractQueuedSynchronizer::release (19 bytes)
Event: 12.101 Thread 0x000001ccd456abc0 nmethod 2252 0x000001ccbe005390 code [0x000001ccbe005580, 0x000001ccbe005a08]
Event: 12.102 Thread 0x000001ccd456abc0 2253       3       org.openqa.selenium.json.StaticInitializerCoercer$$Lambda$304/0x0000000800d43580::test (8 bytes)
Event: 12.102 Thread 0x000001ccd456abc0 nmethod 2253 0x000001ccbe005b90 code [0x000001ccbe005d40, 0x000001ccbe006078]
Event: 12.102 Thread 0x000001ccd456abc0 2254       3       org.openqa.selenium.json.StaticInitializerCoercer::lambda$getMethods$1 (8 bytes)
Event: 12.102 Thread 0x000001ccd456abc0 nmethod 2254 0x000001ccbe006190 code [0x000001ccbe006320, 0x000001ccbe0064f8]
Event: 12.103 Thread 0x000001ccd5134660 nmethod 2247 0x000001ccc51ae490 code [0x000001ccc51ae640, 0x000001ccc51aeb38]
Event: 12.103 Thread 0x000001ccd456abc0 2255       3       java.util.stream.ReferencePipeline::forEachWithCancel (23 bytes)
Event: 12.104 Thread 0x000001ccd456abc0 nmethod 2255 0x000001ccbe006610 code [0x000001ccbe0067e0, 0x000001ccbe006b98]
Event: 12.104 Thread 0x000001ccd456abc0 2256       3       java.util.concurrent.locks.AbstractQueuedSynchronizer::compareAndSetState (13 bytes)
Event: 12.104 Thread 0x000001ccd456abc0 nmethod 2256 0x000001ccbe006d10 code [0x000001ccbe006ea0, 0x000001ccbe006fd8]
Event: 12.105 Thread 0x000001ccd456abc0 2258   !   3       java.util.ImmutableCollections$ListItr::next (34 bytes)
Event: 12.105 Thread 0x000001ccd456abc0 nmethod 2258 0x000001ccbe007090 code [0x000001ccbe007240, 0x000001ccbe007518]
Event: 12.105 Thread 0x000001ccd456abc0 2259       1       java.lang.Thread::isInterrupted (5 bytes)
Event: 12.105 Thread 0x000001ccd456abc0 nmethod 2259 0x000001ccc51af310 code [0x000001ccc51af4a0, 0x000001ccc51af578]
Event: 12.105 Thread 0x000001ccd456abc0 2260       3       java.util.TreeMap$PrivateEntryIterator::nextEntry (54 bytes)
Event: 12.106 Thread 0x000001ccd456abc0 nmethod 2260 0x000001ccbe007690 code [0x000001ccbe007860, 0x000001ccbe007c48]
Event: 12.106 Thread 0x000001ccd456abc0 2261       3       jdk.internal.misc.Unsafe::checkPrimitivePointer (19 bytes)
Event: 12.107 Thread 0x000001ccd456abc0 nmethod 2261 0x000001ccbe007d90 code [0x000001ccbe007fa0, 0x000001ccbe0085c8]

GC Heap History (4 events):
Event: 1.602 GC heap before
{Heap before GC invocations=0 (full 0):
 garbage-first heap   total 129024K, used 22528K [0x0000000083000000, 0x0000000100000000)
  region size 1024K, 23 young (23552K), 0 survivors (0K)
 Metaspace       used 7124K, committed 7424K, reserved 1056768K
  class space    used 823K, committed 960K, reserved 1048576K
}
Event: 1.612 GC heap after
{Heap after GC invocations=1 (full 0):
 garbage-first heap   total 129024K, used 5952K [0x0000000083000000, 0x0000000100000000)
  region size 1024K, 3 young (3072K), 3 survivors (3072K)
 Metaspace       used 7124K, committed 7424K, reserved 1056768K
  class space    used 823K, committed 960K, reserved 1048576K
}
Event: 11.802 GC heap before
{Heap before GC invocations=1 (full 0):
 garbage-first heap   total 129024K, used 35648K [0x0000000083000000, 0x0000000100000000)
  region size 1024K, 32 young (32768K), 3 survivors (3072K)
 Metaspace       used 15747K, committed 16064K, reserved 1064960K
  class space    used 1955K, committed 2112K, reserved 1048576K
}
Event: 11.814 GC heap after
{Heap after GC invocations=2 (full 0):
 garbage-first heap   total 129024K, used 9092K [0x0000000083000000, 0x0000000100000000)
  region size 1024K, 4 young (4096K), 4 survivors (4096K)
 Metaspace       used 15747K, committed 16064K, reserved 1064960K
  class space    used 1955K, committed 2112K, reserved 1048576K
}

Deoptimization events (20 events):
Event: 6.081 Thread 0x000001ccd71b3a00 Uncommon trap: trap_request=0xffffff45 fr.pc=0x000001ccc51717d8 relative=0x00000000000000b8
Event: 6.081 Thread 0x000001ccd71b3a00 Uncommon trap: reason=unstable_if action=reinterpret pc=0x000001ccc51717d8 method=java.lang.CharacterDataLatin1.digit(II)I @ 12 c2
Event: 6.081 Thread 0x000001ccd71b3a00 DEOPT PACKING pc=0x000001ccc51717d8 sp=0x000000400f5fe8e0
Event: 6.081 Thread 0x000001ccd71b3a00 DEOPT UNPACKING pc=0x000001ccbd6623a3 sp=0x000000400f5fe798 mode 2
Event: 6.100 Thread 0x000001ccd71b3a00 Uncommon trap: trap_request=0xffffff45 fr.pc=0x000001ccc5171448 relative=0x00000000000000a8
Event: 6.100 Thread 0x000001ccd71b3a00 Uncommon trap: reason=unstable_if action=reinterpret pc=0x000001ccc5171448 method=java.lang.CharacterDataLatin1.digit(II)I @ 12 c2
Event: 6.100 Thread 0x000001ccd71b3a00 DEOPT PACKING pc=0x000001ccc5171448 sp=0x000000400f5fe830
Event: 6.100 Thread 0x000001ccd71b3a00 DEOPT UNPACKING pc=0x000001ccbd6623a3 sp=0x000000400f5fe7a8 mode 2
Event: 11.758 Thread 0x000001ccb434bd90 Uncommon trap: trap_request=0xffffff45 fr.pc=0x000001ccc5163f30 relative=0x0000000000000f90
Event: 11.758 Thread 0x000001ccb434bd90 Uncommon trap: reason=unstable_if action=reinterpret pc=0x000001ccc5163f30 method=java.util.concurrent.ConcurrentHashMap.putVal(Ljava/lang/Object;Ljava/lang/Object;Z)Ljava/lang/Object; @ 231 c2
Event: 11.758 Thread 0x000001ccb434bd90 DEOPT PACKING pc=0x000001ccc5163f30 sp=0x000000400cefd260
Event: 11.758 Thread 0x000001ccb434bd90 DEOPT UNPACKING pc=0x000001ccbd6623a3 sp=0x000000400cefd1d0 mode 2
Event: 11.814 Thread 0x000001ccb434bd90 Uncommon trap: trap_request=0xfffffff4 fr.pc=0x000001ccc519422c relative=0x000000000000726c
Event: 11.814 Thread 0x000001ccb434bd90 Uncommon trap: reason=null_check action=make_not_entrant pc=0x000001ccc519422c method=java.lang.invoke.MethodType.equals(Ljava/lang/Object;)Z @ 39 c2
Event: 11.814 Thread 0x000001ccb434bd90 DEOPT PACKING pc=0x000001ccc519422c sp=0x000000400cefc330
Event: 11.814 Thread 0x000001ccb434bd90 DEOPT UNPACKING pc=0x000001ccbd6623a3 sp=0x000000400cefc1d0 mode 2
Event: 12.029 Thread 0x000001ccb434bd90 Uncommon trap: trap_request=0xffffff45 fr.pc=0x000001ccc5123448 relative=0x0000000000000048
Event: 12.029 Thread 0x000001ccb434bd90 Uncommon trap: reason=unstable_if action=reinterpret pc=0x000001ccc5123448 method=java.lang.CharacterData.of(I)Ljava/lang/CharacterData; @ 4 c2
Event: 12.029 Thread 0x000001ccb434bd90 DEOPT PACKING pc=0x000001ccc5123448 sp=0x000000400cefc6a0
Event: 12.029 Thread 0x000001ccb434bd90 DEOPT UNPACKING pc=0x000001ccbd6623a3 sp=0x000000400cefc640 mode 2

Classes unloaded (0 events):
No events

Classes redefined (0 events):
No events

Internal exceptions (20 events):
Event: 6.476 Thread 0x000001ccd71b3a00 Exception <a 'java/net/ConnectException'{0x000000008935a760}: Connection refused: no further information> (0x000000008935a760) 
thrown [c:\jenkins\workspace\zulu17-build-win64\zulu-src.git\src\hotspot\share\prims\jni.cpp, line 535]
Event: 6.476 Thread 0x000001ccd71b3a00 Exception <a 'java/net/SocketException'{0x000000008935aa98}: Socket is not connected: shutdown> (0x000000008935aa98) 
thrown [c:\jenkins\workspace\zulu17-build-win64\zulu-src.git\src\hotspot\share\prims\jni.cpp, line 535]
Event: 6.819 Thread 0x000001ccd71b3a00 Exception <a 'java/net/ConnectException'{0x000000008935b9c0}: Connection refused: no further information> (0x000000008935b9c0) 
thrown [c:\jenkins\workspace\zulu17-build-win64\zulu-src.git\src\hotspot\share\prims\jni.cpp, line 535]
Event: 6.820 Thread 0x000001ccd71b3a00 Exception <a 'java/net/SocketException'{0x000000008935bcf8}: Socket is not connected: shutdown> (0x000000008935bcf8) 
thrown [c:\jenkins\workspace\zulu17-build-win64\zulu-src.git\src\hotspot\share\prims\jni.cpp, line 535]
Event: 7.147 Thread 0x000001ccd71b3a00 Exception <a 'java/net/ConnectException'{0x000000008935cc20}: Connection refused: no further information> (0x000000008935cc20) 
thrown [c:\jenkins\workspace\zulu17-build-win64\zulu-src.git\src\hotspot\share\prims\jni.cpp, line 535]
Event: 7.147 Thread 0x000001ccd71b3a00 Exception <a 'java/net/SocketException'{0x000000008935cf58}: Socket is not connected: shutdown> (0x000000008935cf58) 
thrown [c:\jenkins\workspace\zulu17-build-win64\zulu-src.git\src\hotspot\share\prims\jni.cpp, line 535]
Event: 7.476 Thread 0x000001ccd71b3a00 Exception <a 'java/net/ConnectException'{0x000000008935de80}: Connection refused: no further information> (0x000000008935de80) 
thrown [c:\jenkins\workspace\zulu17-build-win64\zulu-src.git\src\hotspot\share\prims\jni.cpp, line 535]
Event: 7.476 Thread 0x000001ccd71b3a00 Exception <a 'java/net/SocketException'{0x000000008935e1b8}: Socket is not connected: shutdown> (0x000000008935e1b8) 
thrown [c:\jenkins\workspace\zulu17-build-win64\zulu-src.git\src\hotspot\share\prims\jni.cpp, line 535]
Event: 7.803 Thread 0x000001ccd71b3a00 Exception <a 'java/net/ConnectException'{0x000000008935f0e0}: Connection refused: no further information> (0x000000008935f0e0) 
thrown [c:\jenkins\workspace\zulu17-build-win64\zulu-src.git\src\hotspot\share\prims\jni.cpp, line 535]
Event: 7.803 Thread 0x000001ccd71b3a00 Exception <a 'java/net/SocketException'{0x000000008935f418}: Socket is not connected: shutdown> (0x000000008935f418) 
thrown [c:\jenkins\workspace\zulu17-build-win64\zulu-src.git\src\hotspot\share\prims\jni.cpp, line 535]
Event: 8.200 Thread 0x000001ccb434bd90 Exception <a 'java/lang/NoSuchMethodError'{0x0000000089249300}: 'java.lang.Object java.lang.invoke.DirectMethodHandle$Holder.newInvokeSpecial(java.lang.Object, java.lang.Object, int, int)'> (0x0000000089249300) 
thrown [c:\jenkins\workspace\zulu17-build-win64\zulu-src.git\src\hotspot\share\interpreter\linkResolver.cpp, line 766]
Event: 8.204 Thread 0x000001ccb434bd90 Exception <a 'java/lang/NoSuchMethodError'{0x0000000089254450}: 'void java.lang.invoke.DirectMethodHandle$Holder.invokeStatic(java.lang.Object, java.lang.Object, int)'> (0x0000000089254450) 
thrown [c:\jenkins\workspace\zulu17-build-win64\zulu-src.git\src\hotspot\share\interpreter\linkResolver.cpp, line 766]
Event: 8.307 Thread 0x000001ccd71b5210 Exception <a 'java/lang/NoSuchMethodError'{0x00000000891bfb98}: 'java.lang.Object java.lang.invoke.DirectMethodHandle$Holder.invokeSpecial(java.lang.Object, java.lang.Object, java.lang.Object, java.lang.Object, int)'> (0x00000000891bfb98) 
thrown [c:\jenkins\workspace\zulu17-build-win64\zulu-src.git\src\hotspot\share\interpreter\linkResolver.cpp, line 766]
Event: 8.307 Thread 0x000001ccd71b5210 Exception <a 'java/lang/NoSuchMethodError'{0x00000000891c3760}: 'java.lang.Object java.lang.invoke.Invokers$Holder.linkToTargetMethod(java.lang.Object, java.lang.Object, int, java.lang.Object)'> (0x00000000891c3760) 
thrown [c:\jenkins\workspace\zulu17-build-win64\zulu-src.git\src\hotspot\share\interpreter\linkResolver.cpp, line 766]
Event: 8.345 Thread 0x000001ccd71b5210 Exception <a 'java/lang/NoSuchMethodError'{0x0000000089015450}: 'void java.lang.invoke.DirectMethodHandle$Holder.invokeSpecial(java.lang.Object, java.lang.Object, java.lang.Object, java.lang.Object, java.lang.Object)'> (0x0000000089015450) 
thrown [c:\jenkins\workspace\zulu17-build-win64\zulu-src.git\src\hotspot\share\interpreter\linkResolver.cpp, line 766]
Event: 11.635 Thread 0x000001ccd71b5210 Exception <a 'java/lang/NoSuchMethodError'{0x0000000088f04be0}: 'java.lang.Object java.lang.invoke.DirectMethodHandle$Holder.newInvokeSpecial(java.lang.Object, java.lang.Object, long, java.lang.Object, java.lang.Object, java.lang.Object)'> (0x0000000088f04be0) 
thrown [c:\jenkins\workspace\zulu17-build-win64\zulu-src.git\src\hotspot\share\interpreter\linkResolver.cpp, line 766]
Event: 11.642 Thread 0x000001ccd71b5210 Exception <a 'java/lang/NoSuchMethodError'{0x0000000088f1cca0}: 'void java.lang.invoke.DirectMethodHandle$Holder.invokeSpecial(java.lang.Object, java.lang.Object, java.lang.Object, java.lang.Object, java.lang.Object, java.lang.Object, java.lang.Object)'> (0x0000000088f1cca0) 
thrown [c:\jenkins\workspace\zulu17-build-win64\zulu-src.git\src\hotspot\share\interpreter\linkResolver.cpp, line 766]
Event: 11.678 Thread 0x000001ccb434bd90 Exception <a 'java/lang/NoSuchMethodError'{0x0000000089159000}: 'java.lang.Object java.lang.invoke.DirectMethodHandle$Holder.invokeSpecialIFC(java.lang.Object, java.lang.Object, java.lang.Object)'> (0x0000000089159000) 
thrown [c:\jenkins\workspace\zulu17-build-win64\zulu-src.git\src\hotspot\share\interpreter\linkResolver.cpp, line 766]
Event: 11.814 Thread 0x000001ccb434bd90 Implicit null exception at 0x000001ccc518ec20 to 0x000001ccc51941f4
Event: 12.034 Thread 0x000001ccb434bd90 Exception <a 'java/lang/ClassNotFoundException'{0x000000008aa9c610}: sun/util/logging/resources/spi/loggingProvider> (0x000000008aa9c610) 
thrown [c:\jenkins\workspace\zulu17-build-win64\zulu-src.git\src\hotspot\share\classfile\systemDictionary.cpp, line 256]

VM Operations (20 events):
Event: 6.382 Executing VM operation: Cleanup
Event: 6.382 Executing VM operation: Cleanup done
Event: 7.395 Executing VM operation: Cleanup
Event: 7.396 Executing VM operation: Cleanup done
Event: 8.139 Executing VM operation: HandshakeAllThreads
Event: 8.139 Executing VM operation: HandshakeAllThreads done
Event: 8.140 Executing VM operation: HandshakeAllThreads
Event: 8.140 Executing VM operation: HandshakeAllThreads done
Event: 8.144 Executing VM operation: HandshakeAllThreads
Event: 8.144 Executing VM operation: HandshakeAllThreads done
Event: 9.158 Executing VM operation: Cleanup
Event: 9.158 Executing VM operation: Cleanup done
Event: 11.605 Executing VM operation: HandshakeAllThreads
Event: 11.605 Executing VM operation: HandshakeAllThreads done
Event: 11.801 Executing VM operation: G1CollectForAllocation
Event: 11.814 Executing VM operation: G1CollectForAllocation done
Event: 11.980 Executing VM operation: HandshakeAllThreads
Event: 11.980 Executing VM operation: HandshakeAllThreads done
Event: 12.030 Executing VM operation: HandshakeAllThreads
Event: 12.030 Executing VM operation: HandshakeAllThreads done

Events (20 events):
Event: 12.026 loading class sun/text/resources/cldr/FormatData_en_US
Event: 12.026 loading class sun/text/resources/cldr/FormatData_en_US done
Event: 12.032 loading class java/text/FieldPosition$Delegate
Event: 12.033 loading class java/text/FieldPosition$Delegate done
Event: 12.034 loading class java/util/logging/Level$RbAccess
Event: 12.034 loading class java/util/logging/Level$RbAccess done
Event: 12.034 loading class sun/util/logging/resources/logging
Event: 12.034 loading class sun/util/logging/resources/logging done
Event: 12.034 loading class sun/util/logging/resources/logging_en
Event: 12.034 loading class sun/util/logging/resources/logging_en done
Event: 12.034 loading class sun/util/logging/resources/logging_en
Event: 12.034 loading class sun/util/logging/resources/logging_en done
Event: 12.035 loading class sun/util/logging/resources/logging_en_US
Event: 12.035 loading class sun/util/logging/resources/logging_en_US done
Event: 12.035 loading class sun/util/logging/resources/logging_en_US
Event: 12.035 loading class sun/util/logging/resources/logging_en_US done
Event: 12.035 loading class java/util/Formatter$DateTime
Event: 12.035 loading class java/util/Formatter$DateTime done
Event: 12.035 loading class java/time/ZonedDateTime$1
Event: 12.035 loading class java/time/ZonedDateTime$1 done


Dynamic libraries:
0x00007ff615b00000 - 0x00007ff615b0e000 	C:\Program Files\Zulu\zulu-17\bin\javaw.exe
0x00007ffc561f0000 - 0x00007ffc56406000 	C:\Windows\SYSTEM32\ntdll.dll
0x00007ffc55580000 - 0x00007ffc55644000 	C:\Windows\System32\KERNEL32.DLL
0x00007ffc53620000 - 0x00007ffc539c7000 	C:\Windows\System32\KERNELBASE.dll
0x00007ffc53d50000 - 0x00007ffc53e61000 	C:\Windows\System32\ucrtbase.dll
0x00007ffc3d920000 - 0x00007ffc3d93b000 	C:\Program Files\Zulu\zulu-17\bin\VCRUNTIME140.dll
0x00007ffc3d670000 - 0x00007ffc3d688000 	C:\Program Files\Zulu\zulu-17\bin\jli.dll
0x00007ffc55900000 - 0x00007ffc55aae000 	C:\Windows\System32\USER32.dll
0x00007ffc30400000 - 0x00007ffc30693000 	C:\Windows\WinSxS\amd64_microsoft.windows.common-controls_6595b64144ccf1df_6.0.22621.3235_none_270f74e173860f98\COMCTL32.dll
0x00007ffc539d0000 - 0x00007ffc539f6000 	C:\Windows\System32\win32u.dll
0x00007ffc55ed0000 - 0x00007ffc55f77000 	C:\Windows\System32\msvcrt.dll
0x00007ffc56020000 - 0x00007ffc56049000 	C:\Windows\System32\GDI32.dll
0x00007ffc53b70000 - 0x00007ffc53c89000 	C:\Windows\System32\gdi32full.dll
0x00007ffc53580000 - 0x00007ffc5361a000 	C:\Windows\System32\msvcp_win.dll
0x00007ffc54400000 - 0x00007ffc54431000 	C:\Windows\System32\IMM32.DLL
0x00007ffc53220000 - 0x00007ffc533c0000 	C:\Program Files\Avecto\Privilege Guard Client\PGHook.dll
0x00007ffc54be0000 - 0x00007ffc54c92000 	C:\Windows\System32\ADVAPI32.dll
0x00007ffc55bb0000 - 0x00007ffc55c58000 	C:\Windows\System32\sechost.dll
0x00007ffc53ef0000 - 0x00007ffc53f18000 	C:\Windows\System32\bcrypt.dll
0x00007ffc55db0000 - 0x00007ffc55ec5000 	C:\Windows\System32\RPCRT4.dll
0x00007ffc3d6b0000 - 0x00007ffc3d6bc000 	C:\Program Files\Zulu\zulu-17\bin\vcruntime140_1.dll
0x00007ffc30320000 - 0x00007ffc303ad000 	C:\Program Files\Zulu\zulu-17\bin\msvcp140.dll
0x00007ffbeace0000 - 0x00007ffbeb940000 	C:\Program Files\Zulu\zulu-17\bin\server\jvm.dll
0x00007ffc55f80000 - 0x00007ffc55f88000 	C:\Windows\System32\PSAPI.DLL
0x00007ffc40bc0000 - 0x00007ffc40bc9000 	C:\Windows\SYSTEM32\WSOCK32.dll
0x00007ffc54b60000 - 0x00007ffc54bd1000 	C:\Windows\System32\WS2_32.dll
0x00007ffc4a790000 - 0x00007ffc4a7c4000 	C:\Windows\SYSTEM32\WINMM.dll
0x00007ffc4c8b0000 - 0x00007ffc4c8ba000 	C:\Windows\SYSTEM32\VERSION.dll
0x00007ffc52280000 - 0x00007ffc52298000 	C:\Windows\SYSTEM32\kernel.appcore.dll
0x00007ffc4df80000 - 0x00007ffc4df8a000 	C:\Program Files\Zulu\zulu-17\bin\jimage.dll
0x00007ffc509b0000 - 0x00007ffc50be3000 	C:\Windows\SYSTEM32\DBGHELP.DLL
0x00007ffc545e0000 - 0x00007ffc54968000 	C:\Windows\System32\combase.dll
0x00007ffc55ab0000 - 0x00007ffc55b87000 	C:\Windows\System32\OLEAUT32.dll
0x00007ffc3e4e0000 - 0x00007ffc3e512000 	C:\Windows\SYSTEM32\dbgcore.DLL
0x00007ffc53e70000 - 0x00007ffc53ee9000 	C:\Windows\System32\bcryptPrimitives.dll
0x00007ffc3dfa0000 - 0x00007ffc3dfc5000 	C:\Program Files\Zulu\zulu-17\bin\java.dll
0x00007ffc26ef0000 - 0x00007ffc26fc7000 	C:\Program Files\Zulu\zulu-17\bin\jsvml.dll
0x00007ffc54d20000 - 0x00007ffc5557c000 	C:\Windows\System32\SHELL32.dll
0x00007ffc50fb0000 - 0x00007ffc518a9000 	C:\Windows\SYSTEM32\windows.storage.dll
0x00007ffc50e70000 - 0x00007ffc50fae000 	C:\Windows\SYSTEM32\wintypes.dll
0x00007ffc55800000 - 0x00007ffc558f3000 	C:\Windows\System32\SHCORE.dll
0x00007ffc53f20000 - 0x00007ffc53f7e000 	C:\Windows\System32\shlwapi.dll
0x00007ffc53440000 - 0x00007ffc53461000 	C:\Windows\SYSTEM32\profapi.dll
0x00007ffc4dc70000 - 0x00007ffc4dc89000 	C:\Program Files\Zulu\zulu-17\bin\net.dll
0x00007ffc522a0000 - 0x00007ffc523d6000 	C:\Windows\SYSTEM32\WINHTTP.dll
0x00007ffc52820000 - 0x00007ffc52889000 	C:\Windows\system32\mswsock.dll
0x00007ffc44670000 - 0x00007ffc44686000 	C:\Program Files\Zulu\zulu-17\bin\nio.dll
0x00007ffc44610000 - 0x00007ffc44628000 	C:\Program Files\Zulu\zulu-17\bin\zip.dll
0x00007ffc49330000 - 0x00007ffc49340000 	C:\Program Files\Zulu\zulu-17\bin\verify.dll
0x00007ffc51b30000 - 0x00007ffc51c29000 	C:\Windows\SYSTEM32\DNSAPI.dll
0x00007ffc51b00000 - 0x00007ffc51b2d000 	C:\Windows\SYSTEM32\IPHLPAPI.DLL
0x00007ffc54440000 - 0x00007ffc54449000 	C:\Windows\System32\NSI.dll
0x00007ffc40aa0000 - 0x00007ffc40aaa000 	C:\Windows\System32\rasadhlp.dll
0x00007ffc49030000 - 0x00007ffc490b3000 	C:\Windows\System32\fwpuclnt.dll
0x00007ffc52b20000 - 0x00007ffc52b3b000 	C:\Windows\SYSTEM32\CRYPTSP.dll
0x00007ffc521e0000 - 0x00007ffc52215000 	C:\Windows\system32\rsaenh.dll
0x00007ffc528c0000 - 0x00007ffc528e8000 	C:\Windows\SYSTEM32\USERENV.dll
0x00007ffc52b00000 - 0x00007ffc52b0c000 	C:\Windows\SYSTEM32\CRYPTBASE.dll
0x00007ffc4c8c0000 - 0x00007ffc4c8d9000 	C:\Windows\SYSTEM32\dhcpcsvc6.DLL
0x00007ffc4a700000 - 0x00007ffc4a71f000 	C:\Windows\SYSTEM32\dhcpcsvc.DLL
0x00007ffc40ab0000 - 0x00007ffc40abd000 	C:\Program Files\Zulu\zulu-17\bin\sunmscapi.dll
0x00007ffc53a00000 - 0x00007ffc53b67000 	C:\Windows\System32\CRYPT32.dll
0x00007ffc52c40000 - 0x00007ffc52c6e000 	C:\Windows\SYSTEM32\ncrypt.dll
0x00007ffc52c00000 - 0x00007ffc52c37000 	C:\Windows\SYSTEM32\NTASN1.dll
0x00007ffc44590000 - 0x00007ffc44598000 	C:\Windows\system32\wshunix.dll

dbghelp: loaded successfully - version: 4.0.5 - missing functions: none
symbol engine: initialized successfully - sym options: 0x614 - pdb path: .;C:\Program Files\Zulu\zulu-17\bin;C:\Windows\SYSTEM32;C:\Windows\WinSxS\amd64_microsoft.windows.common-controls_6595b64144ccf1df_6.0.22621.3235_none_270f74e173860f98;C:\Program Files\Avecto\Privilege Guard Client;C:\Program Files\Zulu\zulu-17\bin\server

VM Arguments:
jvm_args: -ea -Dfile.encoding=UTF-8 -XX:+ShowCodeDetailsInExceptionMessages 
java_command: org.testng.remote.RemoteTestNG -serport 64061 -protocol json -d C:\Users\2317431\eclipse-workspace\casproject\test-output C:\Users\2317431\eclipse-workspace\casproject\src\test\java\casproject\testng.xml
java_class_path (initial): C:\Users\2317431\eclipse\jee-2022-09\eclipse\configuration\org.eclipse.osgi\919\0\.cp\lib\testng-remote.jar;C:\Users\2317431\eclipse-workspace\casproject\target\test-classes;C:\Users\2317431\eclipse-workspace\casproject\target\classes;C:\Users\2317431\.p2\pool\plugins\org.testng_7.10.1.r202404130807.jar;C:\Users\2317431\.p2\pool\plugins\com.beust.jcommander_1.82.0.jar;C:\Users\2317431\.p2\pool\plugins\org.apache-extras.beanshell.bsh_2.0.0.b6.jar;C:\Users\2317431\.p2\pool\plugins\org.yaml.snakeyaml_1.27.0.v20201111-1638.jar;C:\Users\2317431\.p2\pool\plugins\org.webjars.jquery_3.7.1.jar;C:\Users\2317431\.m2\repository\org\seleniumhq\selenium\selenium-java\4.19.1\selenium-java-4.19.1.jar;C:\Users\2317431\.m2\repository\org\seleniumhq\selenium\selenium-api\4.19.1\selenium-api-4.19.1.jar;C:\Users\2317431\.m2\repository\org\seleniumhq\selenium\selenium-chrome-driver\4.19.1\selenium-chrome-driver-4.19.1.jar;C:\Users\2317431\.m2\repository\com\google\auto\service\auto-service-annotations\1.1.1\auto-service-annotations-1.1.1.jar;C:\Users\2317431\.m2\repository\org\seleniumhq\selenium\selenium-chromium-driver\4.19.1\selenium-chromium-driver-4.19.1.jar;C:\Users\2317431\.m2\repository\org\seleniumhq\selenium\selenium-json\4.19.1\selenium-json-4.19.1.jar;C:\Users\2317431\.m2\repository\org\seleniumhq\selenium\selenium-manager\4.19.1\selenium-manager-4.19.1.jar;C:\Users\2317431\.m2\repository\org\seleniumhq\selenium\selenium-devtools-v121\4.19.1\selenium-devtools-v121-4.19.1.jar;C:\Users\2317431\.m2\repository\org\seleniumhq\selenium\selenium-devtools-v122\4.19.1\selenium-devtools-v122-4.19.1.jar;C:\Users\2317431\.m2\repository\org\seleniumhq\selenium\selenium-devtools-v123\4.19.1\selenium-devtools-v123-4.19.1.jar;C:\Users\2317431\.m2\repository\org\seleniumhq\selenium\selenium-devtools-v85\4.19.1\selenium-devtools-v85-4.19.1.jar;C:\Users\2317431\.m2\repository\org\seleniumhq\selenium\selenium-edge-driver\4.19.1\selenium-edge-driver-4.19.1.jar;C:\User
Launcher Type: SUN_STANDARD

[Global flags]
     intx CICompilerCount                          = 4                                         {product} {ergonomic}
     uint ConcGCThreads                            = 2                                         {product} {ergonomic}
     uint G1ConcRefinementThreads                  = 8                                         {product} {ergonomic}
   size_t G1HeapRegionSize                         = 1048576                                   {product} {ergonomic}
    uintx GCDrainStackTargetSize                   = 64                                        {product} {ergonomic}
   size_t InitialHeapSize                          = 132120576                                 {product} {ergonomic}
   size_t MarkStackSize                            = 4194304                                   {product} {ergonomic}
   size_t MaxHeapSize                              = 2097152000                                {product} {ergonomic}
   size_t MaxNewSize                               = 1258291200                                {product} {ergonomic}
   size_t MinHeapDeltaBytes                        = 1048576                                   {product} {ergonomic}
   size_t MinHeapSize                              = 8388608                                   {product} {ergonomic}
    uintx NonNMethodCodeHeapSize                   = 5839372                                {pd product} {ergonomic}
    uintx NonProfiledCodeHeapSize                  = 122909434                              {pd product} {ergonomic}
    uintx ProfiledCodeHeapSize                     = 122909434                              {pd product} {ergonomic}
    uintx ReservedCodeCacheSize                    = 251658240                              {pd product} {ergonomic}
     bool SegmentedCodeCache                       = true                                      {product} {ergonomic}
     bool ShowCodeDetailsInExceptionMessages       = true                                   {manageable} {command line}
   size_t SoftMaxHeapSize                          = 2097152000                             {manageable} {ergonomic}
     bool UseCompressedClassPointers               = true                           {product lp64_product} {ergonomic}
     bool UseCompressedOops                        = true                           {product lp64_product} {ergonomic}
     bool UseG1GC                                  = true                                      {product} {ergonomic}
     bool UseLargePagesIndividualAllocation        = false                                  {pd product} {ergonomic}

Logging:
Log output configuration:
 #0: stdout all=warning uptime,level,tags
 #1: stderr all=off uptime,level,tags

Environment Variables:
PATH=C:/Program Files/Zulu/zulu-17/bin/server;C:/Program Files/Zulu/zulu-17/bin;C:\Program Files\Zulu\zulu-17\bin\;C:\Windows\system32;C:\Windows;C:\Windows\System32\Wbem;C:\Windows\System32\WindowsPowerShell\v1.0\;C:\Windows\System32\OpenSSH\;C:\Program Files\Git\cmd;C:\OPT\apache-maven-3.9.3\bin;C:\Program Files\MySQL\MySQL Shell 8.0\bin\;C:\Users\2317431\AppData\Local\Microsoft\WindowsApps;;C:\Users\2317431\OneDrive - Cognizant\Desktop;
USERNAME=2317431
OS=Windows_NT
PROCESSOR_IDENTIFIER=Intel64 Family 6 Model 142 Stepping 12, GenuineIntel



---------------  S Y S T E M  ---------------

OS:
 Windows 11 , 64 bit Build 22621 (10.0.22621.3374)
OS uptime: 8 days 3:03 hours
Hyper-V role detected

CPU: total 8 (initial active 8) (4 cores per cpu, 2 threads per core) family 6 model 142 stepping 12 microcode 0xf0, cx8, cmov, fxsr, ht, mmx, 3dnowpref, sse, sse2, sse3, ssse3, sse4.1, sse4.2, popcnt, lzcnt, tsc, tscinvbit, avx, avx2, aes, erms, clmul, bmi1, bmi2, adx, fma, vzeroupper, clflush, clflushopt, hv

Memory: 4k page, system-wide physical 7998M (414M free)
TotalPageFile size 24382M (AvailPageFile size 6M)
current process WorkingSet (physical memory assigned to process): 120M, peak: 121M
current process commit charge ("private bytes"): 249M, peak: 258M

vm_info: OpenJDK 64-Bit Server VM (17.0.2+8-LTS) for windows-amd64 JRE (17.0.2+8-LTS) (Zulu17.32+13-CA), built on Jan  8 2022 13:06:16 by "zulu_re" with MS VC++ 16.10 / 16.11 (VS2019)

END.
